<?xml version="1.0" encoding="UTF-8"?>
<!-- Generated by org.testng.reporters.JUnitReportReporter -->
<testsuite skipped="0" hostname="NLVHPRAABV00193" name="qmetry.ValidateTitleTest" tests="1" failures="0" timestamp="30 Aug 2018 09:16:52 GMT" time="3.345" errors="0">
  <testcase name="validateTitle" time="3.345" classname="qmetry.ValidateTitleTest"/>
</testsuite> <!-- qmetry.ValidateTitleTest -->
