<?xml version="1.0" encoding="UTF-8"?>
<!-- Generated by org.testng.reporters.JUnitReportReporter -->
<testsuite hostname="Saany-Alienware" name="qmetry.ValidateLoginTest" tests="1" failures="0" timestamp="29 Aug 2018 15:24:55 GMT" time="0.001" errors="0">
  <testcase name="validateLogin" time="0.001" classname="qmetry.ValidateLoginTest"/>
</testsuite> <!-- qmetry.ValidateLoginTest -->
